<?xml version="1.0" encoding="UTF-8"?>
<!-- Generated by org.testng.reporters.JUnitXMLReporter -->
<testsuite ignored="0" hostname="Debayan_Laptop" failures="1" tests="1" name="Command line test" time="7.802" errors="0" timestamp="2023-03-19T21:49:49 IST">
  <testcase classname="Automation.POM.Test.TC01_Launch_Application_Test" name="Launch_Application" time="6.482">
    <failure type="java.lang.ExceptionInInitializerError">
      <![CDATA[java.lang.ExceptionInInitializerError
at Automation.POM.PageObjects.Application_LandIngPage.launchApllication(Application_LandIngPage.java:41)
at Automation.POM.Test.TC01_Launch_Application_Test.Launch_Application(TC01_Launch_Application_Test.java:42)
at java.base/java.util.ArrayList.forEach(ArrayList.java:1511)
Caused by: java.lang.NumberFormatException: Cannot parse null string
at java.base/java.lang.Long.parseLong(Long.java:671)
at java.base/java.lang.Long.parseLong(Long.java:831)
at Automation.framework.Utilities.ConfigUtil.<clinit>(ConfigUtil.java:15)
... 35 more
... Removed 32 stack frames]]>
    </failure>
  </testcase> <!-- Launch_Application -->
</testsuite> <!-- Command line test -->
