<?xml version="1.0" encoding="UTF-8"?>
<testng-results ignored="0" total="1" passed="1" failed="0" skipped="0">
  <reporter-output>
  </reporter-output>
  <suite started-at="2023-03-19T22:18:38 IST" name="Default suite" finished-at="2023-03-19T22:19:13 IST" duration-ms="35384">
    <groups>
    </groups>
    <test started-at="2023-03-19T22:18:38 IST" name="Default test" finished-at="2023-03-19T22:19:13 IST" duration-ms="35384">
      <class name="Automation.POM.Test.TC01_Launch_Application_Test">
        <test-method is-config="true" signature="configureReportingStructure()[pri:0, instance:Automation.POM.Test.TC01_Launch_Application_Test@27eedb64]" started-at="2023-03-19T22:18:37 IST" name="configureReportingStructure" finished-at="2023-03-19T22:18:38 IST" duration-ms="342" status="PASS">
          <reporter-output>
          </reporter-output>
        </test-method> <!-- configureReportingStructure -->
        <test-method is-config="true" signature="setUpConfig()[pri:0, instance:Automation.POM.Test.TC01_Launch_Application_Test@27eedb64]" started-at="2023-03-19T22:18:38 IST" name="setUpConfig" finished-at="2023-03-19T22:18:39 IST" duration-ms="864" status="PASS">
          <reporter-output>
          </reporter-output>
        </test-method> <!-- setUpConfig -->
        <test-method signature="Launch_Application(java.util.Hashtable,org.testng.ITestContext)[pri:0, instance:Automation.POM.Test.TC01_Launch_Application_Test@27eedb64]" started-at="2023-03-19T22:18:39 IST" name="Launch_Application" data-provider="testDataProvider" finished-at="2023-03-19T22:19:13 IST" duration-ms="33769" status="PASS">
          <params>
            <param index="0">
              <value>
                <![CDATA[{TestCase Name=TC01_Launch_Application_Test, Medium=Web, Execute=Y, Browser=Edge}]]>
              </value>
            </param>
            <param index="1">
              <value>
                <![CDATA[org.testng.TestRunner@766a4535]]>
              </value>
            </param>
          </params>
          <reporter-output>
          </reporter-output>
        </test-method> <!-- Launch_Application -->
        <test-method is-config="true" signature="generateReport()[pri:0, instance:Automation.POM.Test.TC01_Launch_Application_Test@27eedb64]" started-at="2023-03-19T22:19:13 IST" name="generateReport" finished-at="2023-03-19T22:19:13 IST" duration-ms="527" status="PASS">
          <reporter-output>
          </reporter-output>
        </test-method> <!-- generateReport -->
      </class> <!-- Automation.POM.Test.TC01_Launch_Application_Test -->
    </test> <!-- Default test -->
  </suite> <!-- Default suite -->
</testng-results>
