<?xml version="1.0" encoding="UTF-8"?>
<testng-results ignored="0" total="1" passed="1" failed="0" skipped="0">
  <reporter-output>
  </reporter-output>
  <suite started-at="2023-04-23T15:20:33 IST" name="Default suite" finished-at="2023-04-23T15:21:07 IST" duration-ms="33974">
    <groups>
    </groups>
    <test started-at="2023-04-23T15:20:33 IST" name="Default test" finished-at="2023-04-23T15:21:07 IST" duration-ms="33974">
      <class name="Automation.POM.Test.TC01_Launch_Application_SignUpUser_Test">
        <test-method is-config="true" signature="configureReportingStructure()[pri:0, instance:Automation.POM.Test.TC01_Launch_Application_SignUpUser_Test@56928307]" started-at="2023-04-23T15:20:33 IST" name="configureReportingStructure" finished-at="2023-04-23T15:20:33 IST" duration-ms="289" status="PASS">
          <reporter-output>
          </reporter-output>
        </test-method> <!-- configureReportingStructure -->
        <test-method is-config="true" signature="setUpConfig()[pri:0, instance:Automation.POM.Test.TC01_Launch_Application_SignUpUser_Test@56928307]" started-at="2023-04-23T15:20:33 IST" name="setUpConfig" finished-at="2023-04-23T15:20:34 IST" duration-ms="726" status="PASS">
          <reporter-output>
          </reporter-output>
        </test-method> <!-- setUpConfig -->
        <test-method signature="Launch_Application(java.util.Hashtable,org.testng.ITestContext)[pri:0, instance:Automation.POM.Test.TC01_Launch_Application_SignUpUser_Test@56928307]" started-at="2023-04-23T15:20:34 IST" name="Launch_Application" data-provider="testDataProvider" finished-at="2023-04-23T15:21:07 IST" duration-ms="32692" status="PASS">
          <params>
            <param index="0">
              <value>
                <![CDATA[{Medium=Web, Phone=14567788, Email=testUser@automation.com, Execute=Y, UserName=DemoUser1, Address=123-California, Password=VGVzdFVzZXJAMTIzNDU=, TestCase Name=TC01_Launch_Application_SignUpUser_Test, LastName=User, City=Sanramon, FirstName=Test, P-code=11111, State=California, Country=UNITED STATES, Browser=Edge, ConfirmPasswrd=VGVzdFVzZXJAMTIzNDU=}]]>
              </value>
            </param>
            <param index="1">
              <value>
                <![CDATA[org.testng.TestRunner@723ed581]]>
              </value>
            </param>
          </params>
          <reporter-output>
          </reporter-output>
        </test-method> <!-- Launch_Application -->
        <test-method is-config="true" signature="generateReport()[pri:0, instance:Automation.POM.Test.TC01_Launch_Application_SignUpUser_Test@56928307]" started-at="2023-04-23T15:21:07 IST" name="generateReport" finished-at="2023-04-23T15:21:07 IST" duration-ms="339" status="PASS">
          <reporter-output>
          </reporter-output>
        </test-method> <!-- generateReport -->
      </class> <!-- Automation.POM.Test.TC01_Launch_Application_SignUpUser_Test -->
    </test> <!-- Default test -->
  </suite> <!-- Default suite -->
</testng-results>
